#
# There is insufficient memory for the Java Runtime Environment to continue.
# Native memory allocation (malloc) failed to allocate 1021456 bytes for Chunk::new
# Possible reasons:
#   The system is out of physical RAM or swap space
#   In 32 bit mode, the process size limit was hit
# Possible solutions:
#   Reduce memory load on the system
#   Increase physical memory or swap space
#   Check if swap backing store is full
#   Use 64 bit Java on a 64 bit OS
#   Decrease Java heap size (-Xmx/-Xms)
#   Decrease number of Java threads
#   Decrease Java thread stack sizes (-Xss)
#   Set larger code cache with -XX:ReservedCodeCacheSize=
# This output file may be truncated or incomplete.
#
#  Out of Memory Error (allocation.cpp:390), pid=7916, tid=4620
#
# JRE version: Java(TM) SE Runtime Environment (8.0_65-b17) (build 1.8.0_65-b17)
# Java VM: Java HotSpot(TM) 64-Bit Server VM (25.65-b01 mixed mode windows-amd64 compressed oops)
# Failed to write core dump. Minidumps are not enabled by default on client versions of Windows
#

---------------  T H R E A D  ---------------

Current thread (0x0000000014ad6000):  JavaThread "C2 CompilerThread1" daemon [_thread_in_native, id=4620, stack(0x00000000161c0000,0x00000000162c0000)]

Stack: [0x00000000161c0000,0x00000000162c0000]
[error occurred during error reporting (printing stack bounds), id 0xc0000005]

Native frames: (J=compiled Java code, j=interpreted, Vv=VM code, C=native code)


Current CompileTask:
C2:  20575 1850       4       com.android.dx.dex.code.OutputFinisher::addConstants (93 bytes)


---------------  P R O C E S S  ---------------

Java Threads: ( => current thread )
  0x0000000016610800 JavaThread "pool-1-thread-1" [_thread_in_Java, id=8040, stack(0x00000000169c0000,0x0000000016ac0000)]
  0x00000000163c4800 JavaThread "Service Thread" daemon [_thread_blocked, id=4288, stack(0x00000000167c0000,0x00000000168c0000)]
  0x0000000014adc800 JavaThread "C1 CompilerThread2" daemon [_thread_blocked, id=7036, stack(0x00000000162c0000,0x00000000163c0000)]
=>0x0000000014ad6000 JavaThread "C2 CompilerThread1" daemon [_thread_in_native, id=4620, stack(0x00000000161c0000,0x00000000162c0000)]
  0x0000000014a7d000 JavaThread "C2 CompilerThread0" daemon [_thread_in_native, id=1404, stack(0x00000000160c0000,0x00000000161c0000)]
  0x0000000014a7b000 JavaThread "Attach Listener" daemon [_thread_blocked, id=7388, stack(0x0000000015fc0000,0x00000000160c0000)]
  0x0000000014a79800 JavaThread "Signal Dispatcher" daemon [_thread_blocked, id=6512, stack(0x0000000015ec0000,0x0000000015fc0000)]
  0x00000000023a6800 JavaThread "Finalizer" daemon [_thread_blocked, id=3040, stack(0x0000000015ce0000,0x0000000015de0000)]
  0x000000000239d800 JavaThread "Reference Handler" daemon [_thread_blocked, id=2092, stack(0x0000000015be0000,0x0000000015ce0000)]
  0x00000000022b2800 JavaThread "main" [_thread_blocked, id=3016, stack(0x00000000021b0000,0x00000000022b0000)]

Other Threads:
  0x0000000014a48800 VMThread [stack: 0x0000000015ae0000,0x0000000015be0000] [id=7656]
  0x00000000163e1800 WatcherThread [stack: 0x00000000168c0000,0x00000000169c0000] [id=4016]

VM state:not at safepoint (normal execution)

VM Mutex/Monitor currently owned by a thread: None

Heap:
 PSYoungGen      total 71680K, used 40614K [0x00000000eab00000, 0x00000000ef600000, 0x0000000100000000)
  eden space 66560K, 53% used [0x00000000eab00000,0x00000000ecdab068,0x00000000eec00000)
  from space 5120K, 99% used [0x00000000ef100000,0x00000000ef5fea98,0x00000000ef600000)
  to   space 5120K, 0% used [0x00000000eec00000,0x00000000eec00000,0x00000000ef100000)
 ParOldGen       total 87552K, used 6267K [0x00000000c0000000, 0x00000000c5580000, 0x00000000eab00000)
  object space 87552K, 7% used [0x00000000c0000000,0x00000000c061ef68,0x00000000c5580000)
 Metaspace       used 6193K, capacity 7152K, committed 7296K, reserved 1056768K
  class space    used 594K, capacity 616K, committed 640K, reserved 1048576K

Card table byte_map: [0x0000000011770000,0x0000000011980000] byte_map_base: 0x0000000011170000

Marking Bits: (ParMarkBitMap*) 0x00000000633ca5b0
 Begin Bits: [0x0000000011ee0000, 0x0000000012ee0000)
 End Bits:   [0x0000000012ee0000, 0x0000000013ee0000)

Polling page: 0x00000000007c0000

CodeCache: size=245760Kb used=8350Kb max_used=8350Kb free=237409Kb
 bounds [0x00000000023b0000, 0x0000000002bf0000, 0x00000000113b0000]
 total_blobs=2087 nmethods=1823 adapters=176
 compilation: enabled

Compilation events (10 events):
Event: 19.538 Thread 0x0000000014adc800 nmethod 1845 0x0000000002bd2250 code [0x0000000002bd2440, 0x0000000002bd2e08]
Event: 19.540 Thread 0x0000000014adc800 1846       3       java.util.HashMap$KeyIterator::next (8 bytes)
Event: 19.540 Thread 0x0000000014adc800 nmethod 1846 0x0000000002bd7d90 code [0x0000000002bd7f00, 0x0000000002bd8108]
Event: 19.542 Thread 0x0000000014a7d000 1847       4       com.android.dx.rop.cst.CstType::hashCode (8 bytes)
Event: 19.548 Thread 0x0000000014a7d000 nmethod 1847 0x0000000002bdaf50 code [0x0000000002bdb0a0, 0x0000000002bdb238]
Event: 19.550 Thread 0x0000000014ad6000 1848       4       com.android.dx.rop.code.BasicBlock::getLastInsn (8 bytes)
Event: 19.552 Thread 0x0000000014ad6000 nmethod 1848 0x0000000002bdb390 code [0x0000000002bdb4e0, 0x0000000002bdb5d8]
Event: 19.553 Thread 0x0000000014a7d000 1849       4       java.util.HashMap::put (13 bytes)
Event: 19.580 Thread 0x0000000014a7d000 nmethod 1849 0x0000000002bd8950 code [0x0000000002bd8b00, 0x0000000002bd9328]
Event: 19.583 Thread 0x0000000014ad6000 1850       4       com.android.dx.dex.code.OutputFinisher::addConstants (93 bytes)

GC Heap History (4 events):
Event: 8.293 GC heap before
{Heap before GC invocations=1 (full 0):
 PSYoungGen      total 38400K, used 33280K [0x00000000eab00000, 0x00000000ed580000, 0x0000000100000000)
  eden space 33280K, 100% used [0x00000000eab00000,0x00000000ecb80000,0x00000000ecb80000)
  from space 5120K, 0% used [0x00000000ed080000,0x00000000ed080000,0x00000000ed580000)
  to   space 5120K, 0% used [0x00000000ecb80000,0x00000000ecb80000,0x00000000ed080000)
 ParOldGen       total 87552K, used 0K [0x00000000c0000000, 0x00000000c5580000, 0x00000000eab00000)
  object space 87552K, 0% used [0x00000000c0000000,0x00000000c0000000,0x00000000c5580000)
 Metaspace       used 5914K, capacity 6960K, committed 7040K, reserved 1056768K
  class space    used 587K, capacity 616K, committed 640K, reserved 1048576K
Event: 8.692 GC heap after
Heap after GC invocations=1 (full 0):
 PSYoungGen      total 38400K, used 5111K [0x00000000eab00000, 0x00000000ef600000, 0x0000000100000000)
  eden space 33280K, 0% used [0x00000000eab00000,0x00000000eab00000,0x00000000ecb80000)
  from space 5120K, 99% used [0x00000000ecb80000,0x00000000ed07dc88,0x00000000ed080000)
  to   space 5120K, 0% used [0x00000000ef100000,0x00000000ef100000,0x00000000ef600000)
 ParOldGen       total 87552K, used 1445K [0x00000000c0000000, 0x00000000c5580000, 0x00000000eab00000)
  object space 87552K, 1% used [0x00000000c0000000,0x00000000c0169678,0x00000000c5580000)
 Metaspace       used 5914K, capacity 6960K, committed 7040K, reserved 1056768K
  class space    used 587K, capacity 616K, committed 640K, reserved 1048576K
}
Event: 14.061 GC heap before
{Heap before GC invocations=2 (full 0):
 PSYoungGen      total 38400K, used 38391K [0x00000000eab00000, 0x00000000ef600000, 0x0000000100000000)
  eden space 33280K, 100% used [0x00000000eab00000,0x00000000ecb80000,0x00000000ecb80000)
  from space 5120K, 99% used [0x00000000ecb80000,0x00000000ed07dc88,0x00000000ed080000)
  to   space 5120K, 0% used [0x00000000ef100000,0x00000000ef100000,0x00000000ef600000)
 ParOldGen       total 87552K, used 1445K [0x00000000c0000000, 0x00000000c5580000, 0x00000000eab00000)
  object space 87552K, 1% used [0x00000000c0000000,0x00000000c0169678,0x00000000c5580000)
 Metaspace       used 6067K, capacity 7088K, committed 7296K, reserved 1056768K
  class space    used 588K, capacity 616K, committed 640K, reserved 1048576K
Event: 14.794 GC heap after
Heap after GC invocations=2 (full 0):
 PSYoungGen      total 71680K, used 5114K [0x00000000eab00000, 0x00000000ef600000, 0x0000000100000000)
  eden space 66560K, 0% used [0x00000000eab00000,0x00000000eab00000,0x00000000eec00000)
  from space 5120K, 99% used [0x00000000ef100000,0x00000000ef5fea98,0x00000000ef600000)
  to   space 5120K, 0% used [0x00000000eec00000,0x00000000eec00000,0x00000000ef100000)
 ParOldGen       total 87552K, used 6267K [0x00000000c0000000, 0x00000000c5580000, 0x00000000eab00000)
  object space 87552K, 7% used [0x00000000c0000000,0x00000000c061ef68,0x00000000c5580000)
 Metaspace       used 6067K, capacity 7088K, committed 7296K, reserved 1056768K
  class space    used 588K, capacity 616K, committed 640K, reserved 1048576K
}

Deoptimization events (10 events):
Event: 19.475 Thread 0x0000000016610800 Uncommon trap: reason=bimorphic action=maybe_recompile pc=0x000000000276032c method=java.util.HashMap.getNode(ILjava/lang/Object;)Ljava/util/HashMap$Node; @ 126
Event: 19.475 Thread 0x0000000016610800 Uncommon trap: reason=bimorphic action=maybe_recompile pc=0x000000000276032c method=java.util.HashMap.getNode(ILjava/lang/Object;)Ljava/util/HashMap$Node; @ 126
Event: 19.475 Thread 0x0000000016610800 Uncommon trap: reason=class_check action=maybe_recompile pc=0x000000000286ca18 method=java.util.HashMap.putVal(ILjava/lang/Object;Ljava/lang/Object;ZZ)Ljava/lang/Object; @ 203
Event: 19.496 Thread 0x0000000016610800 Uncommon trap: reason=class_check action=maybe_recompile pc=0x000000000286ca18 method=java.util.HashMap.putVal(ILjava/lang/Object;Ljava/lang/Object;ZZ)Ljava/lang/Object; @ 203
Event: 19.500 Thread 0x0000000016610800 Uncommon trap: reason=class_check action=maybe_recompile pc=0x000000000286ca18 method=java.util.HashMap.putVal(ILjava/lang/Object;Ljava/lang/Object;ZZ)Ljava/lang/Object; @ 203
Event: 19.501 Thread 0x0000000016610800 Uncommon trap: reason=class_check action=maybe_recompile pc=0x000000000286ca18 method=java.util.HashMap.putVal(ILjava/lang/Object;Ljava/lang/Object;ZZ)Ljava/lang/Object; @ 203
Event: 19.539 Thread 0x0000000016610800 Uncommon trap: reason=bimorphic action=maybe_recompile pc=0x0000000002bd5e9c method=java.util.HashMap.putVal(ILjava/lang/Object;Ljava/lang/Object;ZZ)Ljava/lang/Object; @ 203
Event: 19.539 Thread 0x0000000016610800 Uncommon trap: reason=bimorphic action=maybe_recompile pc=0x0000000002bd5e9c method=java.util.HashMap.putVal(ILjava/lang/Object;Ljava/lang/Object;ZZ)Ljava/lang/Object; @ 203
Event: 19.553 Thread 0x0000000016610800 Uncommon trap: reason=bimorphic action=maybe_recompile pc=0x0000000002bd5e9c method=java.util.HashMap.putVal(ILjava/lang/Object;Ljava/lang/Object;ZZ)Ljava/lang/Object; @ 203
Event: 19.553 Thread 0x0000000016610800 Uncommon trap: reason=bimorphic action=maybe_recompile pc=0x0000000002bd5e9c method=java.util.HashMap.putVal(ILjava/lang/Object;Ljava/lang/Object;ZZ)Ljava/lang/Object; @ 203

Internal exceptions (5 events):
Event: 0.310 Thread 0x00000000022b2800 Exception <a 'java/lang/NoSuchMethodError': Method sun.misc.Unsafe.defineClass(Ljava/lang/String;[BII)Ljava/lang/Class; name or signature does not match> (0x00000000eab0d8b0) thrown at [C:\workspace\8-2-build-windows-amd64-cygwin\jdk8u65\4987\hotspot\src\surã2ÕÓ?
Event: 0.310 Thread 0x00000000022b2800 Exception <a 'java/lang/NoSuchMethodError': Method sun.misc.Unsafe.prefetchRead(Ljava/lang/Object;J)V name or signature does not match> (0x00000000eab0db98) thrown at [C:\workspace\8-2-build-windows-amd64-cygwin\jdk8u65\4987\hotspot\src\share\vm\prims\jni.¯¿#mðu"@
Event: 9.230 Thread 0x00000000022b2800 Implicit null exception at 0x0000000002922692 to 0x00000000029251b9
Event: 11.786 Thread 0x0000000016610800 Implicit null exception at 0x000000000291d855 to 0x000000000291ed0d
Event: 16.960 Thread 0x000000001662c800 Implicit null exception at 0x00000000028ddda2 to 0x00000000028dde9a

Events (10 events):
Event: 19.539 Thread 0x0000000016610800 DEOPT PACKING pc=0x0000000002bd5e9c sp=0x0000000016abe6d0
Event: 19.539 Thread 0x0000000016610800 DEOPT UNPACKING pc=0x00000000023f582a sp=0x0000000016abe5e0 mode 2
Event: 19.540 loading class com/android/dx/dex/file/CatchStructs
Event: 19.540 loading class com/android/dx/dex/file/CatchStructs done
Event: 19.553 Thread 0x0000000016610800 Uncommon trap: trap_request=0xffffffc6 fr.pc=0x0000000002bd5e9c
Event: 19.553 Thread 0x0000000016610800 DEOPT PACKING pc=0x0000000002bd5e9c sp=0x0000000016abe6d0
Event: 19.553 Thread 0x0000000016610800 DEOPT UNPACKING pc=0x00000000023f582a sp=0x0000000016abe5e0 mode 2
Event: 19.553 Thread 0x0000000016610800 Uncommon trap: trap_request=0xffffffc6 fr.pc=0x0000000002bd5e9c
Event: 19.553 Thread 0x0000000016610800 DEOPT PACKING pc=0x0000000002bd5e9c sp=0x0000000016abe6d0
Event: 19.553 Thread 0x0000000016610800 DEOPT UNPACKING pc=0x00000000023f582a sp=0x0000000016abe5e0 mode 2


Dynamic libraries:
0x00007ff710160000 - 0x00007ff710197000 	C:\Program Files\Java\jdk1.8.0_65\bin\java.exe
0x00007ffeb67c0000 - 0x00007ffeb696d000 	C:\Windows\SYSTEM32\ntdll.dll
0x00007ffeb5fe0000 - 0x00007ffeb611e000 	C:\Windows\system32\KERNEL32.DLL
0x00007ffeb39b0000 - 0x00007ffeb3ac5000 	C:\Windows\system32\KERNELBASE.dll
0x00007ffeb2200000 - 0x00007ffeb228e000 	C:\Windows\system32\apphelp.dll
0x00007ffe97410000 - 0x00007ffe97463000 	C:\Windows\AppPatch\AppPatch64\AcGenral.DLL
0x00007ffeb44a0000 - 0x00007ffeb454a000 	C:\Windows\system32\msvcrt.dll
0x00007ffeb3cb0000 - 0x00007ffeb3cde000 	C:\Windows\system32\SspiCli.dll
0x00007ffeb5bd0000 - 0x00007ffeb5c24000 	C:\Windows\system32\SHLWAPI.dll
0x00007ffeb6480000 - 0x00007ffeb65f7000 	C:\Windows\system32\USER32.dll
0x00007ffeb5d90000 - 0x00007ffeb5f24000 	C:\Windows\system32\ole32.dll
0x00007ffeb45c0000 - 0x00007ffeb5ae8000 	C:\Windows\system32\SHELL32.dll
0x00007ffeb2eb0000 - 0x00007ffeb2ed1000 	C:\Windows\SYSTEM32\USERENV.dll
0x00007ffeb5f30000 - 0x00007ffeb5fda000 	C:\Windows\system32\ADVAPI32.dll
0x00007ffea00b0000 - 0x00007ffea00ce000 	C:\Windows\SYSTEM32\MPR.dll
0x00007ffeb4130000 - 0x00007ffeb4270000 	C:\Windows\system32\RPCRT4.dll
0x00007ffeb6760000 - 0x00007ffeb67b9000 	C:\Windows\SYSTEM32\sechost.dll
0x00007ffeb6130000 - 0x00007ffeb6341000 	C:\Windows\SYSTEM32\combase.dll
0x00007ffeb5c40000 - 0x00007ffeb5d8f000 	C:\Windows\system32\GDI32.dll
0x00007ffeb38e0000 - 0x00007ffeb38f5000 	C:\Windows\SYSTEM32\profapi.dll
0x00007ffeb1a70000 - 0x00007ffeb1b22000 	C:\Windows\SYSTEM32\SHCORE.dll
0x00007ffeb4460000 - 0x00007ffeb4496000 	C:\Windows\system32\IMM32.DLL
0x00007ffeb6600000 - 0x00007ffeb6752000 	C:\Windows\system32\MSCTF.dll
0x00007ffeb1440000 - 0x00007ffeb16bb000 	C:\Windows\WinSxS\amd64_microsoft.windows.common-controls_6595b64144ccf1df_6.0.9600.18006_none_623f33d3ecbe86e8\COMCTL32.dll
0x0000000062350000 - 0x0000000062422000 	C:\Program Files\Java\jdk1.8.0_65\jre\bin\msvcr100.dll
0x0000000062bc0000 - 0x0000000063449000 	C:\Program Files\Java\jdk1.8.0_65\jre\bin\server\jvm.dll
0x00007ffeabfd0000 - 0x00007ffeabfd9000 	C:\Windows\SYSTEM32\WSOCK32.dll
0x00007ffeac070000 - 0x00007ffeac092000 	C:\Windows\SYSTEM32\WINMM.dll
0x00007ffeac6b0000 - 0x00007ffeac6ba000 	C:\Windows\SYSTEM32\VERSION.dll
0x00007ffeb6120000 - 0x00007ffeb6127000 	C:\Windows\system32\PSAPI.DLL
0x00007ffeb6350000 - 0x00007ffeb63aa000 	C:\Windows\system32\WS2_32.dll
0x00007ffeac040000 - 0x00007ffeac06a000 	C:\Windows\SYSTEM32\WINMMBASE.dll
0x00007ffeb4270000 - 0x00007ffeb4279000 	C:\Windows\system32\NSI.dll
0x00007ffeb3ce0000 - 0x00007ffeb3d2f000 	C:\Windows\SYSTEM32\cfgmgr32.dll
0x00007ffeb2800000 - 0x00007ffeb2828000 	C:\Windows\SYSTEM32\DEVOBJ.dll
0x00000000637a0000 - 0x00000000637af000 	C:\Program Files\Java\jdk1.8.0_65\jre\bin\verify.dll
0x0000000063770000 - 0x0000000063799000 	C:\Program Files\Java\jdk1.8.0_65\jre\bin\java.dll
0x0000000063750000 - 0x0000000063766000 	C:\Program Files\Java\jdk1.8.0_65\jre\bin\zip.dll

VM Arguments:
jvm_args: -Djava.awt.headless=true -Xmx1024M -Dfile.encoding=windows-1252 -Duser.country=US -Duser.language=en -Duser.variant 
java_command: com.android.dx.command.Main --dex --force-jumbo --num-threads=4 --multi-dex --output C:\Users\SALT\AndroidStudioProjects\Qrapp\app\build\intermediates\transforms\dex\debug\folders\1000\10\com.android.support-support-media-compat-25.0.1_26ae0a26a5c994732a8d0180b680504f6b88269f C:\Users\SALT\AndroidStudioProjects\Qrapp\app\build\intermediates\exploded-aar\com.android.support\support-media-compat\25.0.1\jars\classes.jar
java_class_path (initial): C:\Users\SALT\AppData\Local\Android\sdk\build-tools\25.0.1\lib\dx.jar
Launcher Type: SUN_STANDARD

Environment Variables:
PATH=C:\ProgramData\Oracle\Java\javapath;C:\Program Files (x86)\Intel\iCLS Client\;C:\Program Files\Intel\iCLS Client\;C:\Windows\system32;C:\Windows;C:\Windows\System32\Wbem;C:\Windows\System32\WindowsPowerShell\v1.0\;C:\Program Files (x86)\Acer\abFiles\;C:\Program Files\Intel\Intel(R) Management Engine Components\DAL;C:\Program Files (x86)\Intel\Intel(R) Management Engine Components\DAL;C:\Program Files\Intel\Intel(R) Management Engine Components\IPT;C:\Program Files (x86)\Intel\Intel(R) Management Engine Components\IPT;C:\Program Files (x86)\Skype\Phone\;C:\Program Files\Microsoft\Web Platform Installer\;C:\Program Files (x86)\Microsoft ASP.NET\ASP.NET Web Pages\v1.0\;C:\Program Files (x86)\Windows Kits\8.0\Windows Performance Toolkit\;C:\Program Files\Microsoft SQL Server\110\Tools\Binn\;C:\Program Files\Java\jdk1.8.0_65\bin;C:\Windows\Microsoft.NET\Framework\v3.5;C:\adb;C:\Program Files (x86)\Brackets\command;C:\Sun\AppServer\bin
USERNAME=SALT
OS=Windows_NT
PROCESSOR_IDENTIFIER=Intel64 Family 6 Model 61 Stepping 4, GenuineIntel



---------------  S Y S T E M  ---------------

OS: Windows 8.1 , 64 bit Build 9600 (6.3.9600.17415)

CPU:total 4 (2 cores per cpu, 2 threads per core) family 6 model 61 stepping 4, cmov, cx8, fxsr, mmx, sse, sse2, sse3, ssse3, sse4.1, sse4.2, popcnt, avx, avx2, aes, clmul, erms, 3dnowpref, lzcnt, ht, tsc, tscinvbit, bmi1, bmi2, adx

Memory: 4k page, physical 8301900k(1796448k free), swap 9654604k(7952k free)

vm_info: Java HotSpot(TM) 64-Bit Server VM (25.65-b01) for windows-amd64 JRE (1.8.0_65-b17), built on Oct  6 2015 16:39:20 by "java_re" with MS VC++ 10.0 (VS2010)

time: Wed Feb 01 14:17:54 2017
elapsed time: 20 seconds (0d 0h 0m 20s)

